[2026-03-20T12:07:21.795Z] Monitor started. Contract: 0xa70EA34d8d0e3Ea1a1BBC44d374685E05Ee818c6
[2026-03-20T12:07:21.804Z] Watching from block #9179395
[2026-03-20T12:07:21.870Z] Alert thresholds: single=100,000 tokens, rate=5/10min
[2026-03-20T12:07:21.872Z] Watchdog running. Press Ctrl+C to stop.
[20/3/2026, 5:48:42 pm] Monitor started. Contract: 0xa70EA34d8d0e3Ea1a1BBC44d374685E05Ee818c6
[20/3/2026, 5:52:51 pm] Monitor started. Contract: 0xa70EA34d8d0e3Ea1a1BBC44d374685E05Ee818c6
[20/3/2026, 5:55:13 pm] Heartbeat | paused=false | total_bal=0.00 | hourly_out=0.00
[20/3/2026, 5:57:43 pm] Heartbeat | paused=false | total_bal=0.00 | hourly_out=0.00
[20/3/2026, 6:00:14 pm] Heartbeat | paused=false | total_bal=0.00 | hourly_out=0.00
[20/3/2026, 6:02:41 pm] RPC poll error: socket hang up
[20/3/2026, 6:05:16 pm] Heartbeat | paused=false | total_bal=0.00 | hourly_out=0.00
[20/3/2026, 6:07:46 pm] Heartbeat | paused=false | total_bal=0.00 | hourly_out=0.00
[20/3/2026, 6:12:43 pm] Heartbeat | paused=false | total_bal=0.00 | hourly_out=0.00
[20/3/2026, 6:15:13 pm] Heartbeat | paused=false | total_bal=0.00 | hourly_out=0.00
[20/3/2026, 6:17:43 pm] Heartbeat | paused=false | total_bal=0.00 | hourly_out=0.00
[20/3/2026, 6:20:14 pm] Heartbeat | paused=false | total_bal=0.00 | hourly_out=0.00
[20/3/2026, 6:22:43 pm] Heartbeat | paused=false | total_bal=0.00 | hourly_out=0.00
[20/3/2026, 6:25:14 pm] Heartbeat | paused=false | total_bal=0.00 | hourly_out=0.00
[20/3/2026, 6:27:44 pm] Heartbeat | paused=false | total_bal=0.00 | hourly_out=0.00
[20/3/2026, 6:30:14 pm] Heartbeat | paused=false | total_bal=0.00 | hourly_out=0.00
[20/3/2026, 6:32:44 pm] Heartbeat | paused=false | total_bal=0.00 | hourly_out=0.00
[20/3/2026, 6:35:16 pm] Heartbeat | paused=false | total_bal=0.00 | hourly_out=0.00
[20/3/2026, 6:37:44 pm] Heartbeat | paused=false | total_bal=0.00 | hourly_out=0.00
[20/3/2026, 6:40:15 pm] Heartbeat | paused=false | total_bal=0.00 | hourly_out=0.00
[20/3/2026, 6:42:46 pm] Heartbeat | paused=false | total_bal=0.00 | hourly_out=0.00
[20/3/2026, 6:45:14 pm] Heartbeat | paused=false | total_bal=0.00 | hourly_out=0.00
[20/3/2026, 6:47:44 pm] Heartbeat | paused=false | total_bal=0.00 | hourly_out=0.00
[20/3/2026, 6:50:15 pm] Heartbeat | paused=false | total_bal=0.00 | hourly_out=0.00
[20/3/2026, 6:52:45 pm] Heartbeat | paused=false | total_bal=0.00 | hourly_out=0.00
[20/3/2026, 6:55:14 pm] Heartbeat | paused=false | total_bal=0.00 | hourly_out=0.00
[20/3/2026, 6:57:44 pm] Heartbeat | paused=false | total_bal=0.00 | hourly_out=0.00
[20/3/2026, 7:00:14 pm] Heartbeat | paused=false | total_bal=0.00 | hourly_out=0.00
[20/3/2026, 7:02:44 pm] Heartbeat | paused=false | total_bal=0.00 | hourly_out=0.00
[20/3/2026, 7:05:15 pm] Heartbeat | paused=false | total_bal=0.00 | hourly_out=0.00
[20/3/2026, 7:07:44 pm] Heartbeat | paused=false | total_bal=0.00 | hourly_out=0.00
[20/3/2026, 7:10:15 pm] Heartbeat | paused=false | total_bal=0.00 | hourly_out=0.00
[20/3/2026, 7:12:45 pm] Heartbeat | paused=false | total_bal=0.00 | hourly_out=0.00
[20/3/2026, 7:15:15 pm] Heartbeat | paused=false | total_bal=0.00 | hourly_out=0.00
[20/3/2026, 7:17:46 pm] Heartbeat | paused=false | total_bal=0.00 | hourly_out=0.00
[20/3/2026, 7:20:15 pm] Heartbeat | paused=false | total_bal=0.00 | hourly_out=0.00
[20/3/2026, 7:22:45 pm] Heartbeat | paused=false | total_bal=0.00 | hourly_out=0.00
[20/3/2026, 7:25:17 pm] Heartbeat | paused=false | total_bal=0.00 | hourly_out=0.00
[20/3/2026, 7:27:45 pm] Heartbeat | paused=false | total_bal=0.00 | hourly_out=0.00
[20/3/2026, 7:30:15 pm] Heartbeat | paused=false | total_bal=0.00 | hourly_out=0.00
[20/3/2026, 7:32:53 pm] Heartbeat | paused=false | total_bal=0.00 | hourly_out=0.00
[20/3/2026, 7:37:45 pm] Heartbeat | paused=false | total_bal=0.00 | hourly_out=0.00
[20/3/2026, 7:40:15 pm] Heartbeat | paused=false | total_bal=0.00 | hourly_out=0.00
[20/3/2026, 7:42:45 pm] Heartbeat | paused=false | total_bal=0.00 | hourly_out=0.00
[20/3/2026, 7:45:16 pm] Heartbeat | paused=false | total_bal=0.00 | hourly_out=0.00
[20/3/2026, 7:47:45 pm] Heartbeat | paused=false | total_bal=0.00 | hourly_out=0.00
[20/3/2026, 7:50:16 pm] Heartbeat | paused=false | total_bal=0.00 | hourly_out=0.00
[20/3/2026, 7:52:45 pm] Heartbeat | paused=false | total_bal=0.00 | hourly_out=0.00
[20/3/2026, 7:55:15 pm] Heartbeat | paused=false | total_bal=0.00 | hourly_out=0.00
[20/3/2026, 7:57:46 pm] Heartbeat | paused=false | total_bal=0.00 | hourly_out=0.00
[20/3/2026, 8:02:48 pm] RPC poll error: request timeout (code=TIMEOUT, version=6.16.0)
[20/3/2026, 8:07:44 pm] RPC poll error: getaddrinfo ENOTFOUND rpc.testnet.tempo.xyz
[20/3/2026, 8:10:16 pm] Heartbeat | paused=false | total_bal=0.00 | hourly_out=0.00
[20/3/2026, 8:15:16 pm] Heartbeat | paused=false | total_bal=0.00 | hourly_out=0.00
[20/3/2026, 8:17:46 pm] Heartbeat | paused=false | total_bal=0.00 | hourly_out=0.00
[20/3/2026, 8:20:17 pm] Heartbeat | paused=false | total_bal=374999.63 | hourly_out=0.00
[20/3/2026, 8:22:47 pm] Heartbeat | paused=false | total_bal=374999.63 | hourly_out=0.00
[20/3/2026, 8:25:15 pm] 🚨 ALERT: pUSD balance dropped 25.0%! Was 375000, now 281250
[20/3/2026, 8:25:15 pm] 🚨 ALERT: AUTO-PAUSING: pUSD balance sudden drop of 25.0%
[20/3/2026, 8:25:17 pm] Pause TX: 0xd8418775bbe9caa41fab87aab1e1a585cbb1558713b0a0c11f08a216f91a4718
[20/3/2026, 8:25:23 pm] ✅ CONTRACT PAUSED SUCCESSFULLY.
[20/3/2026, 8:25:24 pm] Heartbeat | paused=false | total_bal=281249.72 | hourly_out=93749.91
[20/3/2026, 8:27:47 pm] Heartbeat | paused=true | total_bal=281249.72 | hourly_out=93749.91
[20/3/2026, 8:30:17 pm] Heartbeat | paused=true | total_bal=281249.72 | hourly_out=93749.91
[20/3/2026, 8:32:49 pm] RPC poll error: request timeout (code=TIMEOUT, version=6.16.0)
[20/3/2026, 8:37:48 pm] RPC poll error: Client network socket disconnected before secure TLS connection was established
[20/3/2026, 8:37:49 pm] RPC poll error: request timeout (code=TIMEOUT, version=6.16.0)
[20/3/2026, 8:40:19 pm] Heartbeat | paused=true | total_bal=281249.72 | hourly_out=93749.91
[20/3/2026, 8:42:49 pm] Heartbeat | paused=true | total_bal=281249.72 | hourly_out=93749.91
[20/3/2026, 8:45:17 pm] Heartbeat | paused=true | total_bal=281249.72 | hourly_out=93749.91
[20/3/2026, 8:45:23 pm] Heartbeat | paused=true | total_bal=281249.72 | hourly_out=93749.91
[20/3/2026, 8:45:24 pm] Heartbeat | paused=true | total_bal=281249.72 | hourly_out=93749.91
[20/3/2026, 8:47:49 pm] RPC poll error: socket hang up
[20/3/2026, 8:47:54 pm] Heartbeat | paused=true | total_bal=0.00 | hourly_out=93749.91
[20/3/2026, 8:52:47 pm] Heartbeat | paused=true | total_bal=281249.72 | hourly_out=93749.91
[20/3/2026, 8:55:18 pm] Heartbeat | paused=true | total_bal=281249.72 | hourly_out=93749.91
[20/3/2026, 8:57:48 pm] Heartbeat | paused=true | total_bal=281249.72 | hourly_out=93749.91
[20/3/2026, 9:00:18 pm] Heartbeat | paused=true | total_bal=281249.72 | hourly_out=93749.91
[20/3/2026, 9:02:48 pm] Heartbeat | paused=true | total_bal=281249.72 | hourly_out=93749.91
[20/3/2026, 9:05:18 pm] Heartbeat | paused=true | total_bal=281249.72 | hourly_out=93749.91
[20/3/2026, 9:07:48 pm] Heartbeat | paused=true | total_bal=281249.72 | hourly_out=93749.91
[20/3/2026, 9:10:18 pm] Heartbeat | paused=true | total_bal=281249.72 | hourly_out=93749.91
[20/3/2026, 9:12:49 pm] Heartbeat | paused=true | total_bal=281249.72 | hourly_out=93749.91
[20/3/2026, 9:15:19 pm] Heartbeat | paused=true | total_bal=281249.72 | hourly_out=93749.91
[20/3/2026, 9:17:49 pm] Heartbeat | paused=true | total_bal=281249.72 | hourly_out=93749.91
[20/3/2026, 9:20:19 pm] Heartbeat | paused=true | total_bal=281249.72 | hourly_out=93749.91
[20/3/2026, 9:22:48 pm] Heartbeat | paused=true | total_bal=281249.72 | hourly_out=93749.91
[20/3/2026, 9:25:20 pm] Heartbeat | paused=true | total_bal=281249.72 | hourly_out=93749.91
[20/3/2026, 9:27:49 pm] Heartbeat | paused=true | total_bal=281249.72 | hourly_out=93749.91
[20/3/2026, 9:30:19 pm] Heartbeat | paused=true | total_bal=281249.72 | hourly_out=93749.91
[20/3/2026, 9:32:49 pm] Heartbeat | paused=true | total_bal=281249.72 | hourly_out=93749.91
[20/3/2026, 9:35:19 pm] Heartbeat | paused=true | total_bal=281249.72 | hourly_out=93749.91
[20/3/2026, 9:37:49 pm] Heartbeat | paused=true | total_bal=281249.72 | hourly_out=93749.91
[20/3/2026, 9:40:19 pm] Heartbeat | paused=true | total_bal=281249.72 | hourly_out=93749.91
[20/3/2026, 9:42:51 pm] Heartbeat | paused=true | total_bal=281249.72 | hourly_out=93749.91
[20/3/2026, 9:45:19 pm] Heartbeat | paused=true | total_bal=281249.72 | hourly_out=93749.91
[20/3/2026, 9:47:49 pm] Heartbeat | paused=true | total_bal=281249.72 | hourly_out=93749.91
[20/3/2026, 9:50:20 pm] Heartbeat | paused=true | total_bal=281249.72 | hourly_out=93749.91
[20/3/2026, 9:52:50 pm] Heartbeat | paused=true | total_bal=281249.72 | hourly_out=93749.91
[20/3/2026, 9:55:19 pm] Heartbeat | paused=true | total_bal=281249.72 | hourly_out=93749.91
[20/3/2026, 9:57:50 pm] Heartbeat | paused=true | total_bal=281249.72 | hourly_out=93749.91
[20/3/2026, 10:00:20 pm] Heartbeat | paused=true | total_bal=281249.72 | hourly_out=93749.91
[20/3/2026, 10:02:52 pm] Heartbeat | paused=true | total_bal=281249.72 | hourly_out=93749.91
[20/3/2026, 10:05:20 pm] Heartbeat | paused=true | total_bal=281249.72 | hourly_out=93749.91
[20/3/2026, 10:07:52 pm] RPC poll error: request timeout (code=TIMEOUT, version=6.16.0)
[20/3/2026, 10:10:20 pm] Heartbeat | paused=true | total_bal=281249.72 | hourly_out=93749.91
[20/3/2026, 10:12:50 pm] Heartbeat | paused=true | total_bal=281249.72 | hourly_out=93749.91
[20/3/2026, 10:15:20 pm] Heartbeat | paused=true | total_bal=281249.72 | hourly_out=93749.91
[20/3/2026, 10:17:50 pm] Heartbeat | paused=true | total_bal=281249.72 | hourly_out=93749.91
[20/3/2026, 10:20:20 pm] Heartbeat | paused=true | total_bal=281249.72 | hourly_out=93749.91
[20/3/2026, 10:22:50 pm] Heartbeat | paused=true | total_bal=281249.72 | hourly_out=93749.91
[20/3/2026, 10:25:20 pm] Heartbeat | paused=true | total_bal=281249.72 | hourly_out=93749.91
[20/3/2026, 10:27:48 pm] Heartbeat | paused=true | total_bal=281249.72 | hourly_out=93749.91
[20/3/2026, 10:27:50 pm] Heartbeat | paused=true | total_bal=281249.72 | hourly_out=93749.91
[20/3/2026, 10:30:20 pm] Heartbeat | paused=true | total_bal=281249.72 | hourly_out=93749.91
[20/3/2026, 10:35:25 pm] Heartbeat | paused=true | total_bal=281249.72 | hourly_out=93749.91
[20/3/2026, 10:37:52 pm] Heartbeat | paused=true | total_bal=281249.72 | hourly_out=93749.91
[20/3/2026, 10:40:28 pm] Heartbeat | paused=true | total_bal=281249.72 | hourly_out=93749.91
[20/3/2026, 10:42:51 pm] Heartbeat | paused=true | total_bal=281249.72 | hourly_out=93749.91
[20/3/2026, 10:45:21 pm] Heartbeat | paused=true | total_bal=281249.72 | hourly_out=93749.91
[20/3/2026, 10:47:51 pm] Heartbeat | paused=true | total_bal=281249.72 | hourly_out=93749.91
[20/3/2026, 10:50:21 pm] Heartbeat | paused=true | total_bal=281249.72 | hourly_out=93749.91
[20/3/2026, 10:52:51 pm] Heartbeat | paused=true | total_bal=281249.72 | hourly_out=93749.91
[20/3/2026, 10:55:21 pm] Heartbeat | paused=true | total_bal=281249.72 | hourly_out=93749.91
[20/3/2026, 10:57:51 pm] Heartbeat | paused=true | total_bal=281249.72 | hourly_out=93749.91
[20/3/2026, 11:00:22 pm] Heartbeat | paused=true | total_bal=281249.72 | hourly_out=93749.91
[20/3/2026, 11:02:52 pm] Heartbeat | paused=true | total_bal=281249.72 | hourly_out=93749.91
[20/3/2026, 11:05:21 pm] Heartbeat | paused=true | total_bal=281249.72 | hourly_out=93749.91
[20/3/2026, 11:07:53 pm] Heartbeat | paused=true | total_bal=281249.72 | hourly_out=93749.91
[20/3/2026, 11:10:22 pm] Heartbeat | paused=true | total_bal=281249.72 | hourly_out=93749.91
[20/3/2026, 11:12:51 pm] Heartbeat | paused=true | total_bal=281249.72 | hourly_out=93749.91
[20/3/2026, 11:17:51 pm] Heartbeat | paused=true | total_bal=281249.72 | hourly_out=93749.91
[20/3/2026, 11:20:22 pm] Heartbeat | paused=true | total_bal=281249.72 | hourly_out=93749.91
[20/3/2026, 11:22:55 pm] Heartbeat | paused=true | total_bal=281249.72 | hourly_out=93749.91
[20/3/2026, 11:27:52 pm] Heartbeat | paused=true | total_bal=281249.72 | hourly_out=93749.91
[20/3/2026, 11:30:26 pm] Heartbeat | paused=true | total_bal=281249.72 | hourly_out=93749.91
[20/3/2026, 11:32:52 pm] Heartbeat | paused=true | total_bal=281249.72 | hourly_out=93749.91
[20/3/2026, 11:35:22 pm] Heartbeat | paused=true | total_bal=281249.72 | hourly_out=93749.91
[20/3/2026, 11:37:55 pm] RPC poll error: request timeout (code=TIMEOUT, version=6.16.0)
[20/3/2026, 11:40:22 pm] Heartbeat | paused=true | total_bal=281249.72 | hourly_out=93749.91
[20/3/2026, 11:42:57 pm] Heartbeat | paused=true | total_bal=281249.72 | hourly_out=93749.91
[20/3/2026, 11:45:22 pm] Heartbeat | paused=true | total_bal=281249.72 | hourly_out=93749.91
[20/3/2026, 11:47:55 pm] Heartbeat | paused=true | total_bal=281249.72 | hourly_out=93749.91
[20/3/2026, 11:50:25 pm] Heartbeat | paused=true | total_bal=281249.72 | hourly_out=93749.91
[20/3/2026, 11:52:53 pm] Heartbeat | paused=true | total_bal=281249.72 | hourly_out=93749.91
[20/3/2026, 11:55:24 pm] Heartbeat | paused=true | total_bal=281249.72 | hourly_out=93749.91
[20/3/2026, 11:57:53 pm] Heartbeat | paused=true | total_bal=281249.72 | hourly_out=93749.91
[21/3/2026, 12:00:23 am] Heartbeat | paused=true | total_bal=281249.72 | hourly_out=93749.91
[21/3/2026, 12:02:54 am] Heartbeat | paused=true | total_bal=281249.72 | hourly_out=93749.91
[21/3/2026, 12:05:23 am] Heartbeat | paused=true | total_bal=281249.72 | hourly_out=93749.91
[21/3/2026, 12:07:55 am] Heartbeat | paused=true | total_bal=281249.72 | hourly_out=93749.91
[21/3/2026, 12:10:24 am] Heartbeat | paused=true | total_bal=281249.72 | hourly_out=93749.91
[21/3/2026, 12:12:53 am] Heartbeat | paused=true | total_bal=281249.72 | hourly_out=93749.91
[21/3/2026, 12:15:23 am] Heartbeat | paused=true | total_bal=281249.72 | hourly_out=93749.91
[21/3/2026, 12:17:54 am] Heartbeat | paused=true | total_bal=281249.72 | hourly_out=93749.91
[21/3/2026, 12:20:24 am] Heartbeat | paused=true | total_bal=281249.72 | hourly_out=93749.91
[21/3/2026, 12:22:54 am] Heartbeat | paused=true | total_bal=281249.72 | hourly_out=93749.91
[21/3/2026, 12:25:24 am] Heartbeat | paused=true | total_bal=281249.72 | hourly_out=93749.91
[21/3/2026, 12:27:54 am] Heartbeat | paused=true | total_bal=281249.72 | hourly_out=93749.91
[21/3/2026, 12:30:24 am] Heartbeat | paused=true | total_bal=281249.72 | hourly_out=93749.91
[21/3/2026, 12:32:54 am] Heartbeat | paused=true | total_bal=281249.72 | hourly_out=93749.91
[21/3/2026, 12:35:24 am] Heartbeat | paused=true | total_bal=281249.72 | hourly_out=93749.91
[21/3/2026, 12:37:54 am] Heartbeat | paused=true | total_bal=281249.72 | hourly_out=93749.91
[21/3/2026, 12:40:24 am] Heartbeat | paused=true | total_bal=281249.72 | hourly_out=93749.91
[21/3/2026, 12:42:55 am] Heartbeat | paused=true | total_bal=281249.72 | hourly_out=93749.91
[21/3/2026, 12:45:24 am] Heartbeat | paused=true | total_bal=281249.72 | hourly_out=93749.91
[21/3/2026, 12:47:54 am] Heartbeat | paused=true | total_bal=281249.72 | hourly_out=93749.91
[21/3/2026, 12:50:24 am] Heartbeat | paused=true | total_bal=281249.72 | hourly_out=93749.91
[21/3/2026, 12:52:54 am] Heartbeat | paused=true | total_bal=281249.72 | hourly_out=93749.91
[21/3/2026, 12:55:24 am] Heartbeat | paused=true | total_bal=281249.72 | hourly_out=93749.91
[21/3/2026, 12:57:55 am] Heartbeat | paused=true | total_bal=281249.72 | hourly_out=93749.91
[21/3/2026, 1:00:24 am] Heartbeat | paused=true | total_bal=281249.72 | hourly_out=93749.91
[21/3/2026, 1:02:55 am] Heartbeat | paused=true | total_bal=281249.72 | hourly_out=93749.91
[21/3/2026, 1:05:25 am] Heartbeat | paused=true | total_bal=281249.72 | hourly_out=93749.91
[21/3/2026, 1:07:55 am] Heartbeat | paused=true | total_bal=281249.72 | hourly_out=93749.91
[21/3/2026, 1:10:25 am] Heartbeat | paused=true | total_bal=281249.72 | hourly_out=93749.91
[21/3/2026, 1:12:55 am] Heartbeat | paused=true | total_bal=281249.72 | hourly_out=93749.91
[21/3/2026, 1:15:25 am] Heartbeat | paused=true | total_bal=281249.72 | hourly_out=93749.91
[21/3/2026, 1:17:55 am] Heartbeat | paused=true | total_bal=281249.72 | hourly_out=93749.91
[21/3/2026, 1:20:25 am] Heartbeat | paused=true | total_bal=281249.72 | hourly_out=93749.91
[21/3/2026, 1:22:55 am] Heartbeat | paused=true | total_bal=281249.72 | hourly_out=93749.91
[21/3/2026, 1:25:25 am] Heartbeat | paused=true | total_bal=281249.72 | hourly_out=93749.91
[21/3/2026, 1:27:55 am] Heartbeat | paused=true | total_bal=281249.72 | hourly_out=93749.91
[21/3/2026, 1:30:25 am] Heartbeat | paused=true | total_bal=281249.72 | hourly_out=93749.91
[21/3/2026, 1:32:56 am] Heartbeat | paused=true | total_bal=281249.72 | hourly_out=93749.91
[21/3/2026, 1:35:25 am] Heartbeat | paused=true | total_bal=281249.72 | hourly_out=93749.91
[21/3/2026, 1:37:56 am] Heartbeat | paused=true | total_bal=281249.72 | hourly_out=93749.91
[21/3/2026, 1:40:26 am] Heartbeat | paused=true | total_bal=281249.72 | hourly_out=93749.91
[21/3/2026, 1:42:56 am] Heartbeat | paused=true | total_bal=281249.72 | hourly_out=93749.91
[21/3/2026, 1:45:27 am] Heartbeat | paused=true | total_bal=281249.72 | hourly_out=93749.91
[21/3/2026, 1:47:56 am] Heartbeat | paused=true | total_bal=281249.72 | hourly_out=93749.91
[21/3/2026, 1:50:26 am] Heartbeat | paused=true | total_bal=281249.72 | hourly_out=93749.91
[21/3/2026, 1:52:56 am] Heartbeat | paused=true | total_bal=281249.72 | hourly_out=93749.91
[21/3/2026, 1:55:26 am] Heartbeat | paused=true | total_bal=281249.72 | hourly_out=93749.91
[21/3/2026, 1:57:56 am] Heartbeat | paused=true | total_bal=281249.72 | hourly_out=93749.91
[21/3/2026, 2:00:26 am] Heartbeat | paused=true | total_bal=281249.72 | hourly_out=93749.91
[21/3/2026, 2:02:56 am] Heartbeat | paused=true | total_bal=281249.72 | hourly_out=93749.91
[21/3/2026, 2:05:27 am] Heartbeat | paused=true | total_bal=281249.72 | hourly_out=93749.91
[21/3/2026, 2:07:58 am] Heartbeat | paused=true | total_bal=281249.72 | hourly_out=93749.91
[21/3/2026, 2:10:27 am] Heartbeat | paused=true | total_bal=281249.72 | hourly_out=93749.91
[21/3/2026, 2:12:57 am] Heartbeat | paused=true | total_bal=281249.72 | hourly_out=93749.91
[21/3/2026, 2:15:27 am] Heartbeat | paused=true | total_bal=281249.72 | hourly_out=93749.91
[21/3/2026, 2:17:57 am] Heartbeat | paused=true | total_bal=281249.72 | hourly_out=93749.91
[21/3/2026, 2:20:27 am] Heartbeat | paused=true | total_bal=281249.72 | hourly_out=93749.91
[21/3/2026, 2:22:57 am] Heartbeat | paused=true | total_bal=281249.72 | hourly_out=93749.91
[21/3/2026, 2:25:27 am] Heartbeat | paused=true | total_bal=281249.72 | hourly_out=93749.91
[21/3/2026, 2:27:57 am] Heartbeat | paused=true | total_bal=281249.72 | hourly_out=93749.91
[21/3/2026, 2:30:28 am] Heartbeat | paused=true | total_bal=281249.72 | hourly_out=93749.91
[21/3/2026, 2:32:57 am] Heartbeat | paused=true | total_bal=281249.72 | hourly_out=93749.91
[21/3/2026, 2:35:27 am] Heartbeat | paused=true | total_bal=281249.72 | hourly_out=93749.91
[21/3/2026, 2:37:57 am] Heartbeat | paused=true | total_bal=281249.72 | hourly_out=93749.91
[21/3/2026, 2:40:28 am] Heartbeat | paused=true | total_bal=281249.72 | hourly_out=93749.91
[21/3/2026, 2:42:58 am] Heartbeat | paused=true | total_bal=281249.72 | hourly_out=93749.91
[21/3/2026, 2:45:28 am] Heartbeat | paused=true | total_bal=281249.72 | hourly_out=93749.91
[21/3/2026, 2:47:59 am] Heartbeat | paused=true | total_bal=281249.72 | hourly_out=93749.91
[21/3/2026, 2:50:29 am] Heartbeat | paused=true | total_bal=281249.72 | hourly_out=93749.91
[21/3/2026, 2:52:58 am] Heartbeat | paused=true | total_bal=281249.72 | hourly_out=93749.91
[21/3/2026, 2:55:28 am] Heartbeat | paused=true | total_bal=281249.72 | hourly_out=93749.91
[21/3/2026, 2:57:58 am] Heartbeat | paused=true | total_bal=281249.72 | hourly_out=93749.91
[21/3/2026, 3:00:28 am] Heartbeat | paused=true | total_bal=281249.72 | hourly_out=93749.91
[21/3/2026, 3:02:59 am] Heartbeat | paused=true | total_bal=281249.72 | hourly_out=93749.91
[21/3/2026, 3:05:28 am] Heartbeat | paused=true | total_bal=281249.72 | hourly_out=93749.91
[21/3/2026, 3:07:59 am] Heartbeat | paused=true | total_bal=281249.72 | hourly_out=93749.91
[21/3/2026, 3:10:29 am] Heartbeat | paused=true | total_bal=281249.72 | hourly_out=93749.91
[21/3/2026, 3:12:59 am] Heartbeat | paused=true | total_bal=281249.72 | hourly_out=93749.91
[21/3/2026, 3:15:29 am] Heartbeat | paused=true | total_bal=281249.72 | hourly_out=93749.91
[21/3/2026, 3:17:59 am] Heartbeat | paused=true | total_bal=281249.72 | hourly_out=93749.91
[21/3/2026, 3:20:29 am] Heartbeat | paused=true | total_bal=281249.72 | hourly_out=93749.91
[21/3/2026, 3:22:59 am] Heartbeat | paused=true | total_bal=281249.72 | hourly_out=93749.91
[21/3/2026, 3:25:29 am] Heartbeat | paused=true | total_bal=281249.72 | hourly_out=93749.91
[21/3/2026, 3:27:59 am] Heartbeat | paused=true | total_bal=281249.72 | hourly_out=93749.91
[21/3/2026, 3:30:29 am] Heartbeat | paused=true | total_bal=281249.72 | hourly_out=93749.91
[21/3/2026, 3:32:59 am] Heartbeat | paused=true | total_bal=281249.72 | hourly_out=93749.91
[21/3/2026, 3:35:29 am] Heartbeat | paused=true | total_bal=281249.72 | hourly_out=93749.91
[21/3/2026, 3:37:59 am] Heartbeat | paused=true | total_bal=281249.72 | hourly_out=93749.91
[21/3/2026, 3:40:29 am] Heartbeat | paused=true | total_bal=281249.72 | hourly_out=93749.91
[21/3/2026, 3:43:00 am] Heartbeat | paused=true | total_bal=281249.72 | hourly_out=93749.91
[21/3/2026, 3:45:30 am] Heartbeat | paused=true | total_bal=281249.72 | hourly_out=93749.91
[21/3/2026, 3:48:00 am] Heartbeat | paused=true | total_bal=281249.72 | hourly_out=93749.91
[21/3/2026, 3:50:30 am] Heartbeat | paused=true | total_bal=281249.72 | hourly_out=93749.91
[21/3/2026, 3:53:00 am] Heartbeat | paused=true | total_bal=281249.72 | hourly_out=93749.91
[21/3/2026, 3:55:30 am] Heartbeat | paused=true | total_bal=281249.72 | hourly_out=93749.91
[21/3/2026, 3:58:00 am] Heartbeat | paused=true | total_bal=281249.72 | hourly_out=93749.91
[21/3/2026, 4:00:30 am] Heartbeat | paused=true | total_bal=281249.72 | hourly_out=93749.91
[21/3/2026, 4:03:00 am] Heartbeat | paused=true | total_bal=281249.72 | hourly_out=93749.91
[21/3/2026, 4:05:30 am] Heartbeat | paused=true | total_bal=281249.72 | hourly_out=93749.91
[21/3/2026, 4:08:00 am] Heartbeat | paused=true | total_bal=281249.72 | hourly_out=93749.91
[21/3/2026, 4:10:30 am] Heartbeat | paused=true | total_bal=281249.72 | hourly_out=93749.91
[21/3/2026, 4:13:01 am] Heartbeat | paused=true | total_bal=281249.72 | hourly_out=93749.91
[21/3/2026, 4:15:31 am] Heartbeat | paused=true | total_bal=281249.72 | hourly_out=93749.91
[21/3/2026, 4:18:01 am] Heartbeat | paused=true | total_bal=281249.72 | hourly_out=93749.91
[21/3/2026, 7:48:59 am] Heartbeat | paused=true | total_bal=281249.72 | hourly_out=93749.91
[21/3/2026, 7:51:30 am] Heartbeat | paused=true | total_bal=281249.72 | hourly_out=93749.91
[21/3/2026, 7:53:58 am] Heartbeat | paused=true | total_bal=281249.72 | hourly_out=93749.91
[21/3/2026, 7:56:30 am] Heartbeat | paused=true | total_bal=281249.72 | hourly_out=93749.91
[21/3/2026, 7:58:58 am] Heartbeat | paused=true | total_bal=281249.72 | hourly_out=93749.91
[21/3/2026, 8:01:29 am] Heartbeat | paused=true | total_bal=281249.72 | hourly_out=93749.91
[21/3/2026, 8:03:59 am] Heartbeat | paused=true | total_bal=281249.72 | hourly_out=93749.91
[21/3/2026, 8:06:29 am] Heartbeat | paused=true | total_bal=281249.72 | hourly_out=93749.91
[21/3/2026, 8:08:59 am] Heartbeat | paused=true | total_bal=281249.72 | hourly_out=93749.91
[21/3/2026, 8:11:29 am] Heartbeat | paused=true | total_bal=281249.72 | hourly_out=93749.91
[21/3/2026, 8:14:00 am] Heartbeat | paused=true | total_bal=281249.72 | hourly_out=93749.91
[21/3/2026, 8:16:29 am] Heartbeat | paused=true | total_bal=281249.72 | hourly_out=93749.91
[21/3/2026, 8:18:59 am] Heartbeat | paused=true | total_bal=281249.72 | hourly_out=93749.91
[21/3/2026, 8:21:31 am] Heartbeat | paused=true | total_bal=281249.72 | hourly_out=93749.91
[21/3/2026, 8:24:00 am] Heartbeat | paused=true | total_bal=281249.72 | hourly_out=93749.91
[21/3/2026, 8:26:29 am] Heartbeat | paused=true | total_bal=281249.72 | hourly_out=93749.91
[21/3/2026, 8:28:59 am] Heartbeat | paused=true | total_bal=281249.72 | hourly_out=93749.91
[21/3/2026, 8:31:29 am] Heartbeat | paused=true | total_bal=281249.72 | hourly_out=93749.91
[21/3/2026, 8:33:59 am] Heartbeat | paused=true | total_bal=281249.72 | hourly_out=93749.91
[21/3/2026, 8:36:29 am] Heartbeat | paused=true | total_bal=281249.72 | hourly_out=93749.91
[21/3/2026, 8:38:59 am] Heartbeat | paused=true | total_bal=281249.72 | hourly_out=93749.91
[21/3/2026, 8:41:29 am] Heartbeat | paused=true | total_bal=281249.72 | hourly_out=93749.91
[21/3/2026, 8:44:02 am] Heartbeat | paused=true | total_bal=281249.72 | hourly_out=93749.91
[21/3/2026, 8:46:30 am] Heartbeat | paused=true | total_bal=281249.72 | hourly_out=93749.91
[21/3/2026, 8:49:00 am] Heartbeat | paused=true | total_bal=281249.72 | hourly_out=93749.91
[21/3/2026, 8:51:30 am] Heartbeat | paused=true | total_bal=281249.72 | hourly_out=93749.91
[21/3/2026, 8:54:02 am] Heartbeat | paused=true | total_bal=281249.72 | hourly_out=93749.91
[21/3/2026, 8:56:30 am] Heartbeat | paused=true | total_bal=281249.72 | hourly_out=93749.91
[21/3/2026, 8:59:00 am] Heartbeat | paused=true | total_bal=281249.72 | hourly_out=93749.91
[21/3/2026, 9:01:31 am] Heartbeat | paused=true | total_bal=281249.72 | hourly_out=93749.91
[21/3/2026, 9:04:01 am] Heartbeat | paused=true | total_bal=281249.72 | hourly_out=93749.91
[21/3/2026, 9:06:31 am] Heartbeat | paused=true | total_bal=281249.72 | hourly_out=93749.91
[21/3/2026, 9:09:00 am] Heartbeat | paused=true | total_bal=281249.72 | hourly_out=93749.91
[21/3/2026, 9:11:31 am] Heartbeat | paused=true | total_bal=281249.72 | hourly_out=93749.91
[21/3/2026, 9:14:00 am] Heartbeat | paused=true | total_bal=281249.72 | hourly_out=93749.91
[21/3/2026, 9:16:32 am] Heartbeat | paused=true | total_bal=281249.72 | hourly_out=93749.91
[21/3/2026, 9:19:00 am] Heartbeat | paused=true | total_bal=281249.72 | hourly_out=93749.91
[21/3/2026, 9:21:30 am] Heartbeat | paused=true | total_bal=281249.72 | hourly_out=93749.91
[21/3/2026, 9:26:31 am] Heartbeat | paused=true | total_bal=281249.72 | hourly_out=93749.91
[21/3/2026, 9:29:02 am] Heartbeat | paused=true | total_bal=281249.72 | hourly_out=93749.91
[21/3/2026, 9:29:07 am] Heartbeat | paused=true | total_bal=281249.72 | hourly_out=93749.91
[21/3/2026, 9:29:12 am] Heartbeat | paused=true | total_bal=281249.72 | hourly_out=93749.91
[21/3/2026, 9:31:31 am] Heartbeat | paused=true | total_bal=281249.72 | hourly_out=93749.91
[21/3/2026, 9:34:01 am] Heartbeat | paused=true | total_bal=281249.72 | hourly_out=93749.91
[21/3/2026, 9:36:32 am] Heartbeat | paused=true | total_bal=281249.72 | hourly_out=93749.91
[21/3/2026, 9:39:01 am] Heartbeat | paused=true | total_bal=281249.72 | hourly_out=93749.91
[21/3/2026, 9:41:31 am] Heartbeat | paused=true | total_bal=281249.72 | hourly_out=93749.91
[21/3/2026, 9:44:02 am] Heartbeat | paused=true | total_bal=281249.72 | hourly_out=93749.91
[21/3/2026, 9:46:31 am] Heartbeat | paused=true | total_bal=281249.72 | hourly_out=93749.91
[21/3/2026, 9:49:03 am] Heartbeat | paused=true | total_bal=281249.72 | hourly_out=93749.91
[21/3/2026, 9:51:31 am] Heartbeat | paused=true | total_bal=281249.72 | hourly_out=93749.91
[21/3/2026, 9:54:01 am] Heartbeat | paused=true | total_bal=281249.72 | hourly_out=93749.91
[21/3/2026, 9:56:41 am] Heartbeat | paused=true | total_bal=281249.72 | hourly_out=93749.91
[21/3/2026, 9:59:01 am] Heartbeat | paused=true | total_bal=281249.72 | hourly_out=93749.91
[21/3/2026, 10:01:31 am] Heartbeat | paused=true | total_bal=281249.72 | hourly_out=93749.91
[21/3/2026, 10:04:01 am] Heartbeat | paused=true | total_bal=281249.72 | hourly_out=93749.91
[21/3/2026, 10:06:32 am] Heartbeat | paused=true | total_bal=281249.72 | hourly_out=93749.91
[21/3/2026, 10:09:02 am] Heartbeat | paused=true | total_bal=281249.72 | hourly_out=93749.91
[21/3/2026, 10:11:32 am] Heartbeat | paused=true | total_bal=281249.72 | hourly_out=93749.91
[21/3/2026, 10:14:03 am] Heartbeat | paused=true | total_bal=281249.72 | hourly_out=93749.91
[21/3/2026, 10:16:32 am] Heartbeat | paused=true | total_bal=281249.72 | hourly_out=93749.91
[21/3/2026, 10:21:32 am] Heartbeat | paused=true | total_bal=281249.72 | hourly_out=93749.91
[21/3/2026, 10:24:02 am] Heartbeat | paused=true | total_bal=281249.72 | hourly_out=93749.91
[21/3/2026, 10:26:33 am] Heartbeat | paused=true | total_bal=281249.72 | hourly_out=93749.91
[21/3/2026, 10:29:02 am] Heartbeat | paused=true | total_bal=281249.72 | hourly_out=93749.91
[21/3/2026, 10:31:33 am] Heartbeat | paused=true | total_bal=281249.72 | hourly_out=93749.91
[21/3/2026, 10:34:01 am] Heartbeat | paused=true | total_bal=281249.72 | hourly_out=93749.91
[21/3/2026, 10:34:02 am] Heartbeat | paused=true | total_bal=281249.72 | hourly_out=93749.91
[21/3/2026, 10:36:32 am] Heartbeat | paused=true | total_bal=281249.72 | hourly_out=93749.91
[21/3/2026, 10:39:03 am] Heartbeat | paused=true | total_bal=281249.72 | hourly_out=93749.91
[21/3/2026, 10:41:30 am] RPC poll error: socket hang up
[21/3/2026, 10:41:35 am] Heartbeat | paused=true | total_bal=281249.72 | hourly_out=93749.91
[21/3/2026, 10:44:09 am] Heartbeat | paused=true | total_bal=281249.72 | hourly_out=93749.91
[21/3/2026, 10:46:35 am] RPC poll error: request timeout (code=TIMEOUT, version=6.16.0)
[21/3/2026, 10:51:35 am] RPC poll error: request timeout (code=TIMEOUT, version=6.16.0)
[21/3/2026, 10:54:03 am] Heartbeat | paused=true | total_bal=281249.72 | hourly_out=93749.91
[21/3/2026, 10:56:33 am] Heartbeat | paused=true | total_bal=281249.72 | hourly_out=93749.91
[21/3/2026, 10:59:03 am] Heartbeat | paused=true | total_bal=281249.72 | hourly_out=93749.91
[21/3/2026, 11:01:34 am] Heartbeat | paused=true | total_bal=281249.72 | hourly_out=93749.91
[21/3/2026, 11:04:05 am] Heartbeat | paused=true | total_bal=281249.72 | hourly_out=93749.91
[21/3/2026, 11:06:32 am] RPC poll error: Client network socket disconnected before secure TLS connection was established
[21/3/2026, 11:06:35 am] RPC poll error: request timeout (code=TIMEOUT, version=6.16.0)
[21/3/2026, 11:09:04 am] Heartbeat | paused=true | total_bal=281249.72 | hourly_out=93749.91
[21/3/2026, 11:11:35 am] Heartbeat | paused=true | total_bal=281249.72 | hourly_out=93749.91
[21/3/2026, 11:14:04 am] Heartbeat | paused=true | total_bal=281249.72 | hourly_out=93749.91
[21/3/2026, 11:16:33 am] Heartbeat | paused=true | total_bal=281249.72 | hourly_out=93749.91
[21/3/2026, 11:19:07 am] Heartbeat | paused=true | total_bal=281249.72 | hourly_out=93749.91
[21/3/2026, 11:19:13 am] Heartbeat | paused=true | total_bal=281249.72 | hourly_out=93749.91
[21/3/2026, 11:21:40 am] Heartbeat | paused=true | total_bal=281249.72 | hourly_out=93749.91
[21/3/2026, 11:24:04 am] Heartbeat | paused=true | total_bal=281249.72 | hourly_out=93749.91
[21/3/2026, 11:26:34 am] Heartbeat | paused=true | total_bal=281249.72 | hourly_out=93749.91
[21/3/2026, 11:29:04 am] Heartbeat | paused=true | total_bal=281249.72 | hourly_out=93749.91
[21/3/2026, 11:31:34 am] Heartbeat | paused=true | total_bal=281249.72 | hourly_out=93749.91
[21/3/2026, 11:34:06 am] Heartbeat | paused=true | total_bal=281249.72 | hourly_out=93749.91
[21/3/2026, 11:36:36 am] Heartbeat | paused=true | total_bal=281249.72 | hourly_out=93749.91
[21/3/2026, 11:39:03 am] Heartbeat | paused=true | total_bal=281249.72 | hourly_out=93749.91
[21/3/2026, 11:39:14 am] Heartbeat | paused=true | total_bal=281249.72 | hourly_out=93749.91
[21/3/2026, 11:41:35 am] Heartbeat | paused=true | total_bal=281249.72 | hourly_out=93749.91
[21/3/2026, 11:44:05 am] Heartbeat | paused=true | total_bal=281249.72 | hourly_out=93749.91
[21/3/2026, 11:46:39 am] Heartbeat | paused=true | total_bal=281249.72 | hourly_out=93749.91
[21/3/2026, 11:49:10 am] Heartbeat | paused=true | total_bal=281249.72 | hourly_out=93749.91
[21/3/2026, 11:51:34 am] Heartbeat | paused=true | total_bal=281249.72 | hourly_out=93749.91
[21/3/2026, 11:51:43 am] Heartbeat | paused=true | total_bal=281249.72 | hourly_out=93749.91
[21/3/2026, 11:54:07 am] Heartbeat | paused=true | total_bal=281249.72 | hourly_out=93749.91
[21/3/2026, 11:54:08 am] Heartbeat | paused=true | total_bal=281249.72 | hourly_out=93749.91
[21/3/2026, 11:59:06 am] Heartbeat | paused=true | total_bal=281249.72 | hourly_out=93749.91
[21/3/2026, 12:01:35 pm] Heartbeat | paused=true | total_bal=281249.72 | hourly_out=93749.91
[21/3/2026, 12:04:09 pm] Heartbeat | paused=true | total_bal=281249.72 | hourly_out=93749.91
[21/3/2026, 12:06:37 pm] RPC poll error: request timeout (code=TIMEOUT, version=6.16.0)
[21/3/2026, 12:06:44 pm] Heartbeat | paused=true | total_bal=281249.72 | hourly_out=93749.91
[21/3/2026, 12:09:05 pm] Heartbeat | paused=true | total_bal=281249.72 | hourly_out=93749.91
[21/3/2026, 12:11:34 pm] Heartbeat | paused=true | total_bal=281249.72 | hourly_out=93749.91
[21/3/2026, 12:11:38 pm] Heartbeat | paused=true | total_bal=281249.72 | hourly_out=93749.91
[21/3/2026, 12:16:38 pm] Heartbeat | paused=true | total_bal=281249.72 | hourly_out=93749.91
[21/3/2026, 12:19:07 pm] Heartbeat | paused=true | total_bal=281249.72 | hourly_out=93749.91
[21/3/2026, 12:21:38 pm] Heartbeat | paused=true | total_bal=281249.72 | hourly_out=93749.91
[21/3/2026, 12:24:10 pm] Heartbeat | paused=true | total_bal=281249.72 | hourly_out=93749.91
[21/3/2026, 12:31:38 pm] Heartbeat | paused=true | total_bal=281249.72 | hourly_out=93749.91
[21/3/2026, 12:36:39 pm] Heartbeat | paused=true | total_bal=281249.72 | hourly_out=93749.91
[21/3/2026, 12:39:07 pm] Heartbeat | paused=true | total_bal=281249.72 | hourly_out=93749.91
[21/3/2026, 12:41:39 pm] Heartbeat | paused=true | total_bal=281249.72 | hourly_out=93749.91
[21/3/2026, 12:44:09 pm] Heartbeat | paused=true | total_bal=281249.72 | hourly_out=93749.91
[21/3/2026, 12:46:38 pm] Heartbeat | paused=true | total_bal=281249.72 | hourly_out=93749.91
[21/3/2026, 12:49:09 pm] Heartbeat | paused=true | total_bal=281249.72 | hourly_out=93749.91
[21/3/2026, 12:51:45 pm] Heartbeat | paused=true | total_bal=281249.72 | hourly_out=93749.91
[21/3/2026, 12:54:12 pm] Heartbeat | paused=true | total_bal=281249.72 | hourly_out=93749.91
[21/3/2026, 12:56:37 pm] Heartbeat | paused=true | total_bal=281249.72 | hourly_out=93749.91
[21/3/2026, 12:59:07 pm] Heartbeat | paused=true | total_bal=281249.72 | hourly_out=93749.91
[21/3/2026, 1:01:37 pm] Heartbeat | paused=true | total_bal=281249.72 | hourly_out=93749.91
[21/3/2026, 1:04:07 pm] Heartbeat | paused=true | total_bal=281249.72 | hourly_out=93749.91
[21/3/2026, 1:06:36 pm] Heartbeat | paused=true | total_bal=0.00 | hourly_out=93749.91
[21/3/2026, 1:06:37 pm] Heartbeat | paused=true | total_bal=281249.72 | hourly_out=93749.91
[21/3/2026, 1:09:15 pm] Heartbeat | paused=true | total_bal=281249.72 | hourly_out=93749.91
[21/3/2026, 1:11:47 pm] Heartbeat | paused=true | total_bal=281249.72 | hourly_out=93749.91
[21/3/2026, 1:14:13 pm] Heartbeat | paused=true | total_bal=281249.72 | hourly_out=93749.91
[21/3/2026, 1:16:42 pm] Heartbeat | paused=true | total_bal=281249.72 | hourly_out=93749.91
[21/3/2026, 1:19:22 pm] Heartbeat | paused=true | total_bal=281249.72 | hourly_out=93749.91
[21/3/2026, 1:21:50 pm] Heartbeat | paused=true | total_bal=281249.72 | hourly_out=93749.91
[21/3/2026, 1:24:15 pm] Heartbeat | paused=true | total_bal=281249.72 | hourly_out=93749.91
[21/3/2026, 1:29:16 pm] Heartbeat | paused=true | total_bal=281249.72 | hourly_out=93749.91
[21/3/2026, 1:31:44 pm] Heartbeat | paused=true | total_bal=281249.72 | hourly_out=93749.91
[21/3/2026, 1:31:46 pm] RPC poll error: request timeout (code=TIMEOUT, version=6.16.0)
[21/3/2026, 1:34:14 pm] Heartbeat | paused=true | total_bal=281249.72 | hourly_out=93749.91
[21/3/2026, 1:36:43 pm] Heartbeat | paused=true | total_bal=281249.72 | hourly_out=93749.91
[21/3/2026, 1:39:13 pm] Heartbeat | paused=true | total_bal=281249.72 | hourly_out=93749.91
[21/3/2026, 1:41:43 pm] Heartbeat | paused=true | total_bal=281249.72 | hourly_out=93749.91
[21/3/2026, 1:44:14 pm] Heartbeat | paused=true | total_bal=281249.72 | hourly_out=93749.91
[21/3/2026, 1:46:44 pm] Heartbeat | paused=true | total_bal=281249.72 | hourly_out=93749.91
[21/3/2026, 1:49:14 pm] Heartbeat | paused=true | total_bal=281249.72 | hourly_out=93749.91
[21/3/2026, 1:51:45 pm] Heartbeat | paused=true | total_bal=281249.72 | hourly_out=93749.91
[21/3/2026, 1:54:14 pm] Heartbeat | paused=true | total_bal=281249.72 | hourly_out=93749.91
[21/3/2026, 1:56:44 pm] Heartbeat | paused=true | total_bal=281249.72 | hourly_out=93749.91
[21/3/2026, 2:01:46 pm] RPC poll error: request timeout (code=TIMEOUT, version=6.16.0)
[21/3/2026, 2:06:46 pm] RPC poll error: request timeout (code=TIMEOUT, version=6.16.0)
[21/3/2026, 2:09:16 pm] Heartbeat | paused=true | total_bal=281249.72 | hourly_out=93749.91
[21/3/2026, 2:11:55 pm] Heartbeat | paused=true | total_bal=281249.72 | hourly_out=93749.91
[21/3/2026, 2:14:14 pm] Heartbeat | paused=true | total_bal=281249.72 | hourly_out=93749.91
[21/3/2026, 2:16:47 pm] RPC poll error: request timeout (code=TIMEOUT, version=6.16.0)
[21/3/2026, 2:19:15 pm] Heartbeat | paused=true | total_bal=281249.72 | hourly_out=93749.91
[21/3/2026, 2:21:45 pm] Heartbeat | paused=true | total_bal=281249.72 | hourly_out=93749.91
[21/3/2026, 2:26:44 pm] Heartbeat | paused=true | total_bal=281249.72 | hourly_out=93749.91
[21/3/2026, 2:29:15 pm] Heartbeat | paused=true | total_bal=281249.72 | hourly_out=93749.91
[21/3/2026, 2:31:47 pm] RPC poll error: request timeout (code=TIMEOUT, version=6.16.0)
[21/3/2026, 2:34:15 pm] Heartbeat | paused=true | total_bal=281249.72 | hourly_out=93749.91
[21/3/2026, 2:36:45 pm] Heartbeat | paused=true | total_bal=281249.72 | hourly_out=93749.91
[21/3/2026, 2:39:15 pm] Heartbeat | paused=true | total_bal=281249.72 | hourly_out=93749.91
[21/3/2026, 2:41:46 pm] Heartbeat | paused=true | total_bal=281249.72 | hourly_out=93749.91
[21/3/2026, 2:44:19 pm] Heartbeat | paused=true | total_bal=281249.72 | hourly_out=93749.91
